Detecting compiler hash for triplet x64-linux...
Compiler found: /usr/bin/c++
The following packages will be built and installed:
    catch2:x64-linux@3.8.0
    libedit:x64-linux@2024-08-08
  * vcpkg-cmake:x64-linux@2024-04-23
  * vcpkg-cmake-config:x64-linux@2024-05-23
Additional packages (*) will be modified to complete this operation.
Restored 4 package(s) from /home/animesh-mukherjee/.cache/vcpkg/archives in 120 ms. Use --debug to see more details.
Installing 1/4 vcpkg-cmake-config:x64-linux@2024-05-23...
Elapsed time to handle vcpkg-cmake-config:x64-linux: 232 us
vcpkg-cmake-config:x64-linux package ABI: c9eacc315f09634310e659022a3044b1aa24ea4d9ffe225f195a9327e8972fd7
Installing 2/4 vcpkg-cmake:x64-linux@2024-04-23...
Elapsed time to handle vcpkg-cmake:x64-linux: 104 us
vcpkg-cmake:x64-linux package ABI: 67e85630c3120c28c49d14bdddedbec7f0b880a373f265fc175e1c87502215ff
Installing 3/4 catch2:x64-linux@3.8.0...
Elapsed time to handle catch2:x64-linux: 1.2 ms
catch2:x64-linux package ABI: 90005098ef3b8c4b8fdd14e6dbd7a693dcb1e7e98f2820e1031249e92db59068
Installing 4/4 libedit:x64-linux@2024-08-08...
Elapsed time to handle libedit:x64-linux: 518 us
libedit:x64-linux package ABI: 91ece19cee053747fc1d1086a5584a71e8cbe697f50d6c5af7582e8e7e427d40
Total install time: 2.16 ms
catch2 provides CMake targets:

  # this is heuristically generated, and may not be correct
  find_package(Catch2 CONFIG REQUIRED)
  target_link_libraries(main PRIVATE Catch2::Catch2 Catch2::Catch2WithMain)

catch2 provides pkg-config modules:

  # A modern, C++-native test framework for C++14 and above (links in default main)
  catch2-with-main

  # A modern, C++-native, test framework for C++14 and above
  catch2

libedit provides pkg-config modules:

  # command line editor library provides generic line editing, history, and tokenization functions.
  libedit

